<?xml version="1.0" encoding="UTF-8"?>
<testng-results skipped="0" failed="0" ignored="0" total="1" passed="1">
  <reporter-output>
  </reporter-output>
  <suite name="Default suite" duration-ms="160897" started-at="2018-04-02T22:02:49Z" finished-at="2018-04-02T22:05:30Z">
    <groups>
    </groups>
    <test name="Default test" duration-ms="160897" started-at="2018-04-02T22:02:49Z" finished-at="2018-04-02T22:05:30Z">
      <class name="testCases.IMDB">
        <test-method status="PASS" signature="launch_webpage()[pri:0, instance:testCases.IMDB@1846619]" name="launch_webpage" is-config="true" duration-ms="28537" started-at="2018-04-03T03:32:49Z" finished-at="2018-04-03T03:33:18Z">
          <reporter-output>
          </reporter-output>
        </test-method> <!-- launch_webpage -->
        <test-method status="PASS" signature="getdata()[pri:0, instance:testCases.IMDB@1846619]" name="getdata" duration-ms="130070" started-at="2018-04-03T03:33:18Z" finished-at="2018-04-03T03:35:28Z">
          <reporter-output>
          </reporter-output>
        </test-method> <!-- getdata -->
        <test-method status="PASS" signature="endtest()[pri:0, instance:testCases.IMDB@1846619]" name="endtest" is-config="true" duration-ms="2211" started-at="2018-04-03T03:35:28Z" finished-at="2018-04-03T03:35:30Z">
          <reporter-output>
          </reporter-output>
        </test-method> <!-- endtest -->
      </class> <!-- testCases.IMDB -->
    </test> <!-- Default test -->
  </suite> <!-- Default suite -->
</testng-results>
